<?xml version="1.0" encoding="UTF-8"?>
<!-- Generated by org.testng.reporters.JUnitXMLReporter -->
<testsuite hostname="sammaiah-PC" ignored="0" name="Test" tests="4" failures="0" timestamp="10 Dec 2018 13:08:11 GMT" time="17.018" errors="0">
  <testcase name="f" time="8.705" classname="testng.TestngTest1"/>
  <testcase name="launch" time="7.23" classname="testng.TestngTest2"/>
  <testcase name="validatelogin" time="0.022" classname="testng.TestngTest2"/>
  <testcase name="closesite" time="1.013" classname="testng.TestngTest2"/>
</testsuite> <!-- Test -->
