<?xml version="1.0" encoding="UTF-8"?>
<!-- Generated by org.testng.reporters.JUnitXMLReporter -->
<testsuite hostname="sammaiah-PC" ignored="0" name="w2sms Title Test" tests="4" failures="0" timestamp="10 Dec 2018 12:56:23 GMT" time="20.689" errors="0">
  <testcase name="f" time="12.505" classname="testng.TestngTest1"/>
  <testcase name="launch" time="7.23" classname="testng.TestngTest2"/>
  <testcase name="validatelogin" time="0.02" classname="testng.TestngTest2"/>
  <testcase name="closesite" time="0.883" classname="testng.TestngTest2"/>
</testsuite> <!-- w2sms Title Test -->
