<?xml version="1.0" encoding="UTF-8"?>
<!-- Generated by org.testng.reporters.JUnitXMLReporter -->
<testsuite hostname="sammaiah-PC" ignored="0" name="w2sms test using excel test data" tests="6" failures="0" timestamp="12 Dec 2018 16:15:36 GMT" time="87.746" errors="0">
  <testcase name="dologin" time="5.611" classname="testng.Sample5"/>
  <testcase name="dologin" time="5.54" classname="testng.Sample5"/>
  <testcase name="dologin" time="5.517" classname="testng.Sample5"/>
  <testcase name="dologin" time="5.462" classname="testng.Sample5"/>
  <testcase name="dologin" time="5.459" classname="testng.Sample5"/>
  <testcase name="dologin" time="5.539" classname="testng.Sample5"/>
</testsuite> <!-- w2sms test using excel test data -->
