<?xml version="1.0" encoding="UTF-8"?>
<!-- Generated by org.testng.reporters.JUnitXMLReporter -->
<testsuite hostname="sammaiah-PC" ignored="0" name="Way2SMS Login test" tests="6" failures="0" timestamp="2018-12-11T17:27:58 IST" time="81.351" errors="0">
  <testcase name="dologin" time="5.521" classname="testng.Sample4"/>
  <testcase name="dologin" time="5.514" classname="testng.Sample4"/>
  <testcase name="dologin" time="5.457" classname="testng.Sample4"/>
  <testcase name="dologin" time="5.531" classname="testng.Sample4"/>
  <testcase name="dologin" time="5.453" classname="testng.Sample4"/>
  <testcase name="dologin" time="5.486" classname="testng.Sample4"/>
</testsuite> <!-- Way2SMS Login test -->
